#
# A fatal error has been detected by the Java Runtime Environment:
#
#  EXCEPTION_ACCESS_VIOLATION (0xc0000005) at pc=0x00007ff82badca30, pid=17336, tid=11508
#
# JRE version: OpenJDK Runtime Environment Temurin-21.0.9+10 (21.0.9+10) (build 21.0.9+10-LTS)
# Java VM: OpenJDK 64-Bit Server VM Temurin-21.0.9+10 (21.0.9+10-LTS, mixed mode, sharing, tiered, compressed oops, compressed class ptrs, parallel gc, windows-amd64)
# Problematic frame:
# V  [jvm.dll+0xca30]
#
# No core dump will be written. Minidumps are not enabled by default on client versions of Windows
#
# If you would like to submit a bug report, please visit:
#   https://github.com/adoptium/adoptium-support/issues
#

---------------  S U M M A R Y ------------

Command Line: --add-modules=ALL-SYSTEM --add-opens=java.base/java.util=ALL-UNNAMED --add-opens=java.base/java.lang=ALL-UNNAMED --add-opens=java.base/sun.nio.fs=ALL-UNNAMED -Declipse.application=org.eclipse.jdt.ls.core.id1 -Dosgi.bundles.defaultStartLevel=4 -Declipse.product=org.eclipse.jdt.ls.core.product -Djava.import.generatesMetadataFilesAtProjectRoot=false -DDetectVMInstallationsJob.disabled=true -Dfile.encoding=utf8 -XX:+UseParallelGC -XX:GCTimeRatio=4 -XX:AdaptiveSizePolicyWeight=90 -Dsun.zip.disableMemoryMapping=true -Xmx2G -Xms100m -Xlog:disable -javaagent:c:\Users\Usuario\.vscode\extensions\redhat.java-1.52.0-win32-x64\lombok\lombok-1.18.39-4050.jar c:\Users\Usuario\.vscode\extensions\redhat.java-1.52.0-win32-x64\server\plugins\org.eclipse.equinox.launcher_1.7.100.v20251111-0406.jar -configuration c:\Users\Usuario\AppData\Roaming\Code\User\globalStorage\redhat.java\1.52.0\config_ss_win -data c:\Users\Usuario\AppData\Roaming\Code\User\workspaceStorage\dfc7ea6403649f88c3f86ace36534172\redhat.java\ss_ws --pipe=\\.\pipe\lsp-08fa900796662b3fa1a274587b6276d9-sock

Host: Intel(R) Core(TM) i5-1035G1 CPU @ 1.00GHz, 8 cores, 15G,  Windows 11 , 64 bit Build 26100 (10.0.26100.7705)
Time: Sat Feb 21 19:51:26 2026 Hora estándar de Argentina elapsed time: 15.482560 seconds (0d 0h 0m 15s)

---------------  T H R E A D  ---------------

Current thread (0x000002108f854f50):  WorkerThread "GC Thread#2"    [id=11508, stack(0x0000006e0ff00000,0x0000006e10000000) (1024K)]

Stack: [0x0000006e0ff00000,0x0000006e10000000],  sp=0x0000006e0ffffc18,  free space=1023k
Native frames: (J=compiled Java code, j=interpreted, Vv=VM code, C=native code)
V  [jvm.dll+0xca30]


siginfo: EXCEPTION_ACCESS_VIOLATION (0xc0000005), reading address 0x0000000000000273


Registers:
RAX=0x0000000000000173, RBX=0x00000000d7031f30, RCX=0x000002104901e878, RDX=0x00000000d59d9190
RSP=0x0000006e0ffffc18, RBP=0x0000006e0ffffc70, RSI=0x00000000d59d9190, RDI=0x00000210317dee00
R8 =0x000002104901e878, R9 =0x0000000000000000, R10=0x0000021049000000, R11=0x00000210317dee00
R12=0x0000000000000010, R13=0x000000000000000c, R14=0x00000210317dee00, R15=0x0000000000000000
RIP=0x00007ff82badca30, EFLAGS=0x0000000000010246

XMM[0]=0x00000080001a1100 0x0000000000000001
XMM[1]=0x0000000000000000 0x0000000000000000
XMM[2]=0xd652f2b000000000 0xd652f290d652f270
XMM[3]=0x00000000d652f310 0x0000000000000000
XMM[4]=0x0000000000000000 0x00000000d652f370
XMM[5]=0x0000000000000000 0x00000000d652f370
XMM[6]=0x0000000000000000 0x0000000000000000
XMM[7]=0x0000000000000000 0x0000000000000000
XMM[8]=0x0000000000000000 0x0000000000000000
XMM[9]=0x0000000000000000 0x0000000000000000
XMM[10]=0x0000000000000000 0x0000000000000000
XMM[11]=0x0000000000000000 0x0000000000000000
XMM[12]=0x0000000000000000 0x0000000000000000
XMM[13]=0x0000000000000000 0x0000000000000000
XMM[14]=0x0000000000000000 0x0000000000000000
XMM[15]=0x0000000000000000 0x0000000000000000
  MXCSR=0x00001fa0


Register to memory mapping:

RAX=0x0000000000000173 is an unknown value
RBX=0x00000000d7031f30 points into unknown readable memory: 0xd5a0f540d59d9190 | 90 91 9d d5 40 f5 a0 d5
RCX=0x000002104901e878 is pointing into metadata
RDX=0x00000000d59d9190 points into unknown readable memory: 0x0000000000000001 | 01 00 00 00 00 00 00 00
RSP=0x0000006e0ffffc18 points into unknown readable memory: 0x00007ff82c1e3d25 | 25 3d 1e 2c f8 7f 00 00
RBP=0x0000006e0ffffc70 points into unknown readable memory: 0x0000000000000000 | 00 00 00 00 00 00 00 00
RSI=0x00000000d59d9190 points into unknown readable memory: 0x0000000000000001 | 01 00 00 00 00 00 00 00
RDI=0x00000210317dee00 points into unknown readable memory: 0x00007ff82c569b38 | 38 9b 56 2c f8 7f 00 00
R8 =0x000002104901e878 is pointing into metadata
R9 =0x0 is null
R10=0x0000021049000000 is pointing into metadata
R11=0x00000210317dee00 points into unknown readable memory: 0x00007ff82c569b38 | 38 9b 56 2c f8 7f 00 00
R12=0x0000000000000010 is an unknown value
R13=0x000000000000000c is an unknown value
R14=0x00000210317dee00 points into unknown readable memory: 0x00007ff82c569b38 | 38 9b 56 2c f8 7f 00 00
R15=0x0 is null

Top of Stack: (sp=0x0000006e0ffffc18)
0x0000006e0ffffc18:   00007ff82c1e3d25 00007ff82c568cd8
0x0000006e0ffffc28:   00000210318871e0 00000210317dee00
0x0000006e0ffffc38:   00000210317dee00 00000000d7026e30
0x0000006e0ffffc48:   00007ff82c1e423e 00000000d701ee78
0x0000006e0ffffc58:   0000000000001000 000000000000000c
0x0000006e0ffffc68:   0000000000000010 0000000000000000
0x0000006e0ffffc78:   0000000000000000 00000210317dee00
0x0000006e0ffffc88:   0000000000002147 0000006e0f1ff350
0x0000006e0ffffc98:   00007ff82c1e4b29 00000000d7031d54
0x0000006e0ffffca8:   0000000000000000 0000000000000001
0x0000006e0ffffcb8:   0000000000000000 0000006e0f1ff2f8
0x0000006e0ffffcc8:   0000000000000000 000002108af7bf00
0x0000006e0ffffcd8:   0000000000000005 00000210317dee00
0x0000006e0ffffce8:   0000000000000001 0000006e0f1ff350
0x0000006e0ffffcf8:   00007ff82c1e7281 00000000d6f00425
0x0000006e0ffffd08:   0000006e00000000 0000000000000001
0x0000006e0ffffd18:   00000000d6fb06ed 0000000000000001
0x0000006e0ffffd28:   0000006e0f1ff1f0 0000006e0f1ff330
0x0000006e0ffffd38:   00007ff82c1e770f 00000210317dee00
0x0000006e0ffffd48:   0000006e0ffffdd9 00000000d6fb06ed
0x0000006e0ffffd58:   00000210317dee00 00000210317dee00
0x0000006e0ffffd68:   0000000000000001 0000021000000008
0x0000006e0ffffd78:   00007ff82c1b12be 00000210317dee00
0x0000006e0ffffd88:   0000000000000001 00007ff82c569e18
0x0000006e0ffffd98:   00000210317dee00 0000006e0f1ff1f0
0x0000006e0ffffda8:   000002108ad45940 00000000000003d8
0x0000006e0ffffdb8:   000002108ad45950 000002108ad45d28
0x0000006e0ffffdc8:   00007ff82c569e08 0000000000000001
0x0000006e0ffffdd8:   0000000000000000 0000000000000000
0x0000006e0ffffde8:   0000000000000000 0000000000000000
0x0000006e0ffffdf8:   00003267aa381109 000002108f2878c0
0x0000006e0ffffe08:   0000000000000000 0000000000000000 

Instructions: (pc=0x00007ff82badca30)
0x00007ff82badc930:   a9 00 f0 00 00 75 43 0f b6 c2 24 30 3c 30 74 3a
0x00007ff82badc940:   48 c1 e9 0c 48 8d 05 e5 b5 94 00 83 e1 0f 8b 0c
0x00007ff82badc950:   88 48 8b 05 20 e2 cd 00 48 d3 ea 48 c1 e8 15 48
0x00007ff82badc960:   c1 ea 15 48 23 d0 48 8b 05 03 e5 cd 00 48 8b 48
0x00007ff82badc970:   60 48 8b 04 d1 48 85 c0 75 08 48 8b 05 f7 e4 cd
0x00007ff82badc980:   00 c3 48 8b 05 e7 e4 cd 00 c3 cc cc cc cc cc cc
0x00007ff82badc990:   8b 05 a2 b6 c2 00 c3 cc cc cc cc cc cc cc cc cc
0x00007ff82badc9a0:   0f b6 05 65 d1 c2 00 48 8b d1 84 c0 74 16 44 8b
0x00007ff82badc9b0:   41 08 8b 0d 80 b6 c2 00 49 d3 e0 4c 03 05 6e b6
0x00007ff82badc9c0:   c2 00 eb 04 4c 8b 41 08 45 8b 48 08 45 85 c9 7e
0x00007ff82badc9d0:   0e 41 f6 c1 01 75 53 41 c1 f9 03 49 63 c1 c3 79
0x00007ff82badc9e0:   49 84 c0 41 b8 0c 00 00 00 8b 05 b9 c7 c2 00 b9
0x00007ff82badc9f0:   10 00 00 00 41 0f 45 c8 ff c8 4c 63 c0 41 8b c1
0x00007ff82badca00:   48 c1 f8 10 0f b6 c0 48 63 14 11 41 8b c9 83 e1
0x00007ff82badca10:   3f 48 d3 e2 49 8d 0c 10 49 f7 d0 48 03 c1 49 c1
0x00007ff82badca20:   e8 03 48 c1 e8 03 49 23 c0 c3 49 8b 00 49 8b c8
0x00007ff82badca30:   48 ff a0 00 01 00 00 cc cc cc cc cc cc cc cc cc
0x00007ff82badca40:   8b 44 24 30 45 03 c9 44 2b 4c 24 28 83 c0 0b 44
0x00007ff82badca50:   03 ca 45 03 c8 41 03 c1 c3 cc cc cc cc cc cc cc
0x00007ff82badca60:   4c 8b c2 48 8b d1 45 8b 48 08 45 85 c9 7e 0e 41
0x00007ff82badca70:   f6 c1 01 75 56 41 c1 f9 03 49 63 c1 c3 79 4c 80
0x00007ff82badca80:   3d 86 d0 c2 00 00 b8 0c 00 00 00 b9 10 00 00 00
0x00007ff82badca90:   0f 45 c8 8b 05 0f c7 c2 00 ff c8 4c 63 c0 41 8b
0x00007ff82badcaa0:   c1 48 c1 f8 10 48 63 14 11 41 8b c9 83 e1 3f 0f
0x00007ff82badcab0:   b6 c0 48 d3 e2 49 8d 0c 10 49 f7 d0 48 03 c1 49
0x00007ff82badcac0:   c1 e8 03 48 c1 e8 03 49 23 c0 c3 49 8b 00 49 8b
0x00007ff82badcad0:   c8 48 ff a0 00 01 00 00 cc cc cc cc cc cc cc cc
0x00007ff82badcae0:   48 8b 41 08 0f b7 48 2c 0f b7 40 2a 83 c0 48 03
0x00007ff82badcaf0:   c1 c3 cc cc cc cc cc cc cc cc cc cc cc cc cc cc
0x00007ff82badcb00:   48 89 5c 24 08 57 48 83 ec 20 0f b6 05 af cc cd
0x00007ff82badcb10:   00 48 8b fa 48 8b d9 84 c0 74 4f 48 85 15 56 c4
0x00007ff82badcb20:   cd 00 74 38 48 8b ca e8 94 98 8d 00 48 8b d0 48 


Stack slot to memory mapping:

stack at sp + 0 slots: 0x00007ff82c1e3d25 jvm.dll
stack at sp + 1 slots: 0x00007ff82c568cd8 jvm.dll
stack at sp + 2 slots: 0x00000210318871e0 points into unknown readable memory: 0x00007ff82c56a908 | 08 a9 56 2c f8 7f 00 00
stack at sp + 3 slots: 0x00000210317dee00 points into unknown readable memory: 0x00007ff82c569b38 | 38 9b 56 2c f8 7f 00 00
stack at sp + 4 slots: 0x00000210317dee00 points into unknown readable memory: 0x00007ff82c569b38 | 38 9b 56 2c f8 7f 00 00
stack at sp + 5 slots: 0x00000000d7026e30 is an oop: [Ljdk.internal.vm.FillerElement; 
{0x00000000d7026e30} - klass: {type array int}
 - length: 14
stack at sp + 6 slots: 0x00007ff82c1e423e jvm.dll
stack at sp + 7 slots: 0x00000000d701ee78 is an oop: java.lang.invoke.DirectMethodHandle$StaticAccessor 
{0x00000000d701ee78} - klass: 'java/lang/invoke/DirectMethodHandle$StaticAccessor'
 - ---- fields (total size 7 words):
 - private 'customizationCount' 'B' @12  0 (0x00)
 - private volatile 'updateInProgress' 'Z' @13  false (0x00)
 - private final 'type' 'Ljava/lang/invoke/MethodType;' @16  a 'java/lang/invoke/MethodType'{0x000000008050e428} = ()Ljava/lang/Object; (0x8050e428)
 - final 'form' 'Ljava/lang/invoke/LambdaForm;' @20  a 'java/lang/invoke/LambdaForm'{0x00000000806f2c40} => a 'java/lang/invoke/MemberName'{0x00000000806f2e28} = {method} {0x000002108bb68328} 'invoke' '(Ljava/lang/Object;)Ljava/lang/Object;' in 'java/lang/invoke/LambdaForm$MH+0x000002104a17d000' (0x806f2c40)
 - private 'asTypeCache' 'Ljava/lang/invoke/MethodHandle;' @24  null (0x00000000)
 - private 'asTypeSoftCache' 'Ljava/lang/ref/SoftReference;' @28  null (0x00000000)
 - final 'crackable' 'Z' @14  false (0x00)
 - final 'member' 'Ljava/lang/invoke/MemberName;' @32  a 'java/lang/invoke/MemberName'{0x00000000d701eeb0}a 'java/lang/Class'{0x00000000d6e472a0} = 'org/eclipse/jdt/internal/core/util/Messages'."element_nullType"{0x00000000d700ee10} (0xd701eeb0)
 - private final 'fieldType' 'Ljava/lang/Class;' @36  a 'java/lang/Class'{0x0000000080514298} = 'java/lang/String' (0x80514298)
 - private final 'staticOffset' 'J' @40  172 (0x00000000000000ac)
 - private final 'staticBase' 'Ljava/lang/Object;' @48  a 'java/lang/Class'{0x00000000d6e472a0} = 'org/eclipse/jdt/internal/core/util/Messages' (0xd6e472a0)


---------------  P R O C E S S  ---------------

Threads class SMR info:
_java_thread_list=0x00000210900ebbd0, length=20, elements={
0x000002103186e7b0, 0x0000021031929c10, 0x000002103192bbd0, 0x00000210317e9060,
0x00000210317e96f0, 0x00000210317e9d80, 0x00000210317e6900, 0x00000210318040e0,
0x00000210318069d0, 0x00000210317e6f90, 0x00000210317e89d0, 0x00000210317e7620,
0x00000210317e7cb0, 0x00000210317e8340, 0x000002108fb9e0c0, 0x000002108fb9c680,
0x000002108fb9d3a0, 0x000002108fb9cd10, 0x0000021090e69730, 0x000002108fb9e750
}

Java Threads: ( => current thread )
  0x000002103186e7b0 JavaThread "main"                              [_thread_blocked, id=15924, stack(0x0000006e0ee00000,0x0000006e0ef00000) (1024K)]
  0x0000021031929c10 JavaThread "Reference Handler"          daemon [_thread_blocked, id=4712, stack(0x0000006e0f200000,0x0000006e0f300000) (1024K)]
  0x000002103192bbd0 JavaThread "Finalizer"                  daemon [_thread_blocked, id=2584, stack(0x0000006e0f300000,0x0000006e0f400000) (1024K)]
  0x00000210317e9060 JavaThread "Signal Dispatcher"          daemon [_thread_blocked, id=10392, stack(0x0000006e0f400000,0x0000006e0f500000) (1024K)]
  0x00000210317e96f0 JavaThread "Attach Listener"            daemon [_thread_blocked, id=13256, stack(0x0000006e0f500000,0x0000006e0f600000) (1024K)]
  0x00000210317e9d80 JavaThread "Service Thread"             daemon [_thread_blocked, id=11300, stack(0x0000006e0f600000,0x0000006e0f700000) (1024K)]
  0x00000210317e6900 JavaThread "Monitor Deflation Thread"   daemon [_thread_blocked, id=7892, stack(0x0000006e0f700000,0x0000006e0f800000) (1024K)]
  0x00000210318040e0 JavaThread "C2 CompilerThread0"         daemon [_thread_blocked, id=9520, stack(0x0000006e0f800000,0x0000006e0f900000) (1024K)]
  0x00000210318069d0 JavaThread "C1 CompilerThread0"         daemon [_thread_blocked, id=7296, stack(0x0000006e0f900000,0x0000006e0fa00000) (1024K)]
  0x00000210317e6f90 JavaThread "Common-Cleaner"             daemon [_thread_blocked, id=15632, stack(0x0000006e0fb00000,0x0000006e0fc00000) (1024K)]
  0x00000210317e89d0 JavaThread "Notification Thread"        daemon [_thread_blocked, id=8476, stack(0x0000006e0fc00000,0x0000006e0fd00000) (1024K)]
  0x00000210317e7620 JavaThread "Active Thread: Equinox Container: a4c60915-de37-40fa-9475-7f8a1ace0f35"        [_thread_blocked, id=8140, stack(0x0000006e0fa00000,0x0000006e0fb00000) (1024K)]
  0x00000210317e7cb0 JavaThread "Framework Event Dispatcher: Equinox Container: a4c60915-de37-40fa-9475-7f8a1ace0f35" daemon [_thread_blocked, id=17044, stack(0x0000006e10400000,0x0000006e10500000) (1024K)]
  0x00000210317e8340 JavaThread "Start Level: Equinox Container: a4c60915-de37-40fa-9475-7f8a1ace0f35" daemon [_thread_blocked, id=7712, stack(0x0000006e10500000,0x0000006e10600000) (1024K)]
  0x000002108fb9e0c0 JavaThread "SCR Component Actor"        daemon [_thread_blocked, id=12612, stack(0x0000006e0fd00000,0x0000006e0fe00000) (1024K)]
  0x000002108fb9c680 JavaThread "Worker-JM"                         [_thread_blocked, id=6304, stack(0x0000006e10700000,0x0000006e10800000) (1024K)]
  0x000002108fb9d3a0 JavaThread "Worker-0"                          [_thread_blocked, id=15056, stack(0x0000006e10800000,0x0000006e10900000) (1024K)]
  0x000002108fb9cd10 JavaThread "Worker-1: Initialize After Load"        [_thread_blocked, id=1384, stack(0x0000006e10900000,0x0000006e10a00000) (1024K)]
  0x0000021090e69730 JavaThread "C2 CompilerThread1"         daemon [_thread_blocked, id=5452, stack(0x0000006e10b00000,0x0000006e10c00000) (1024K)]
  0x000002108fb9e750 JavaThread "JNA Cleaner"                daemon [_thread_blocked, id=16992, stack(0x0000006e10a00000,0x0000006e10b00000) (1024K)]
Total: 20

Other Threads:
  0x000002103190f890 VMThread "VM Thread"                           [id=10876, stack(0x0000006e0f100000,0x0000006e0f200000) (1024K)]
  0x00000210316fc7e0 WatcherThread "VM Periodic Task Thread"        [id=10400, stack(0x0000006e0f000000,0x0000006e0f100000) (1024K)]
  0x000002103188cba0 WorkerThread "GC Thread#0"                     [id=11400, stack(0x0000006e0ef00000,0x0000006e0f000000) (1024K)]
  0x000002108f8448f0 WorkerThread "GC Thread#1"                     [id=3100, stack(0x0000006e0fe00000,0x0000006e0ff00000) (1024K)]
=>0x000002108f854f50 WorkerThread "GC Thread#2"                     [id=11508, stack(0x0000006e0ff00000,0x0000006e10000000) (1024K)]
  0x000002108f8552f0 WorkerThread "GC Thread#3"                     [id=11020, stack(0x0000006e10000000,0x0000006e10100000) (1024K)]
  0x000002108f289410 WorkerThread "GC Thread#4"                     [id=9112, stack(0x0000006e10100000,0x0000006e10200000) (1024K)]
  0x000002108f2897b0 WorkerThread "GC Thread#5"                     [id=3464, stack(0x0000006e10200000,0x0000006e10300000) (1024K)]
  0x000002108f855690 WorkerThread "GC Thread#6"                     [id=10076, stack(0x0000006e10300000,0x0000006e10400000) (1024K)]
  0x000002108f987f80 WorkerThread "GC Thread#7"                     [id=11184, stack(0x0000006e10600000,0x0000006e10700000) (1024K)]
Total: 10

Threads with active compile tasks:
Total: 0

VM state: at safepoint (normal execution)

VM Mutex/Monitor currently owned by a thread:  ([mutex/lock_event])
[0x00007ff82c78d570] Threads_lock - owner thread: 0x000002103190f890
[0x00007ff82c78d670] Heap_lock - owner thread: 0x000002108fb9cd10

Heap address: 0x0000000080000000, size: 2048 MB, Compressed Oops mode: 32-bit

CDS archive(s) mapped at: [0x0000021049000000-0x0000021049ba0000-0x0000021049ba0000), size 12189696, SharedBaseAddress: 0x0000021049000000, ArchiveRelocationMode: 1.
Compressed class space mapped at: 0x000002104a000000-0x000002108a000000, reserved size: 1073741824
Narrow klass base: 0x0000021049000000, Narrow klass shift: 0, Narrow klass range: 0x100000000

GC Precious Log:
 CardTable entry size: 512
 CPUs: 8 total, 8 available
 Memory: 16072M
 Large Page Support: Disabled
 NUMA Support: Disabled
 Compressed Oops: Enabled (32-bit)
 Alignments: Space 512K, Generation 512K, Heap 2M
 Heap Min Capacity: 100M
 Heap Initial Capacity: 100M
 Heap Max Capacity: 2G
 Pre-touch: Disabled
 Parallel Workers: 8

Heap:
 PSYoungGen      total 30720K, used 25088K [0x00000000d5580000, 0x00000000d7900000, 0x0000000100000000)
  eden space 25088K, 100% used [0x00000000d5580000,0x00000000d6e00000,0x00000000d6e00000)
  from space 5632K, 0% used [0x00000000d7380000,0x00000000d7380000,0x00000000d7900000)
  to   space 5632K, 41% used [0x00000000d6e00000,0x00000000d704ee78,0x00000000d7380000)
 ParOldGen       total 1276416K, used 1217444K [0x0000000080000000, 0x00000000cde80000, 0x00000000d5580000)
  object space 1276416K, 95% used [0x0000000080000000,0x00000000ca4e90e0,0x00000000cde80000)
 Metaspace       used 25160K, committed 25920K, reserved 1114112K
  class space    used 2445K, committed 2752K, reserved 1048576K

Card table byte_map: [0x0000021031210000,0x0000021031620000] _byte_map_base: 0x0000021030e10000

Marking Bits: (ParMarkBitMap*) 0x00007ff82c792460
 Begin Bits: [0x0000021043d20000, 0x0000021045d20000)
 End Bits:   [0x0000021045d20000, 0x0000021047d20000)

Polling page: 0x000002102f8e0000

Metaspace:

Usage:
  Non-class:     22.18 MB used.
      Class:      2.39 MB used.
       Both:     24.57 MB used.

Virtual space:
  Non-class space:       64.00 MB reserved,      22.62 MB ( 35%) committed,  1 nodes.
      Class space:        1.00 GB reserved,       2.69 MB ( <1%) committed,  1 nodes.
             Both:        1.06 GB reserved,      25.31 MB (  2%) committed. 

Chunk freelists:
   Non-Class:  9.30 MB
       Class:  13.28 MB
        Both:  22.58 MB

MaxMetaspaceSize: unlimited
CompressedClassSpaceSize: 1.00 GB
Initial GC threshold: 21.00 MB
Current GC threshold: 35.00 MB
CDS: on
 - commit_granule_bytes: 65536.
 - commit_granule_words: 8192.
 - virtual_space_node_default_size: 8388608.
 - enlarge_chunks_in_place: 1.
 - use_allocation_guard: 0.


Internal statistics:

num_allocs_failed_limit: 3.
num_arena_births: 530.
num_arena_deaths: 14.
num_vsnodes_births: 2.
num_vsnodes_deaths: 0.
num_space_committed: 405.
num_space_uncommitted: 0.
num_chunks_returned_to_freelist: 17.
num_chunks_taken_from_freelist: 1441.
num_chunk_merges: 9.
num_chunk_splits: 954.
num_chunks_enlarged: 635.
num_inconsistent_stats: 0.

CodeHeap 'non-profiled nmethods': size=120000Kb used=1514Kb max_used=1514Kb free=118485Kb
 bounds [0x000002103c540000, 0x000002103c7b0000, 0x0000021043a70000]
CodeHeap 'profiled nmethods': size=120000Kb used=6051Kb max_used=6051Kb free=113948Kb
 bounds [0x0000021034a70000, 0x0000021035060000, 0x000002103bfa0000]
CodeHeap 'non-nmethods': size=5760Kb used=1334Kb max_used=1380Kb free=4425Kb
 bounds [0x000002103bfa0000, 0x000002103c210000, 0x000002103c540000]
CodeCache: size=245760Kb, used=8899Kb, max_used=8945Kb, free=236858Kb
 total_blobs=3733, nmethods=3117, adapters=521, full_count=0
Compilation: enabled, stopped_count=0, restarted_count=0

Compilation events (20 events):
Event: 15.410 Thread 0x00000210318040e0 3114       4       java.util.zip.ZipFile$ZipEntryIterator::nextElement (5 bytes)
Event: 15.410 Thread 0x00000210318069d0 nmethod 3109 0x0000021035058890 code [0x0000021035058a20, 0x0000021035058b20]
Event: 15.410 Thread 0x00000210318069d0 3110       3       org.eclipse.osgi.storage.Storage::getConfiguration (8 bytes)
Event: 15.410 Thread 0x00000210318069d0 nmethod 3110 0x0000021035058b90 code [0x0000021035058d20, 0x0000021035058e50]
Event: 15.410 Thread 0x00000210318069d0 3112       1       org.eclipse.osgi.storage.BundleInfo::getStorage (5 bytes)
Event: 15.410 Thread 0x00000210318069d0 nmethod 3112 0x000002103c6b6910 code [0x000002103c6b6aa0, 0x000002103c6b6b68]
Event: 15.411 Thread 0x0000021090e69730 nmethod 3113 0x000002103c6b6c10 code [0x000002103c6b6da0, 0x000002103c6b6e40]
Event: 15.411 Thread 0x0000021090e69730 3115   !   4       java.util.zip.ZipFile$ZipEntryIterator::next (71 bytes)
Event: 15.415 Thread 0x00000210318040e0 nmethod 3114 0x000002103c6b6f10 code [0x000002103c6b70e0, 0x000002103c6b75b0]
Event: 15.416 Thread 0x00000210318040e0 3116       4       org.eclipse.osgi.storage.bundlefile.ZipBundleFile$1::hasNext (10 bytes)
Event: 15.418 Thread 0x0000021090e69730 nmethod 3115 0x000002103c6b7890 code [0x000002103c6b7a60, 0x000002103c6b7f30]
Event: 15.418 Thread 0x0000021090e69730 3117       4       org.eclipse.osgi.storage.bundlefile.ZipBundleFile$1::next (5 bytes)
Event: 15.420 Thread 0x00000210318040e0 nmethod 3116 0x000002103c6b8210 code [0x000002103c6b83a0, 0x000002103c6b8478]
Event: 15.424 Thread 0x0000021090e69730 nmethod 3117 0x000002103c6b8590 code [0x000002103c6b8760, 0x000002103c6b8c78]
Event: 15.429 Thread 0x0000021090e69730 3118       4       java.lang.String::<init> (99 bytes)
Event: 15.435 Thread 0x0000021090e69730 nmethod 3118 0x000002103c6b9010 code [0x000002103c6b91c0, 0x000002103c6b96f8]
Event: 15.436 Thread 0x0000021090e69730 3119       4       java.lang.StringBuilder::append (6 bytes)
Event: 15.445 Thread 0x0000021090e69730 nmethod 3119 0x000002103c6b9990 code [0x000002103c6b9b80, 0x000002103c6ba278]
Event: 15.451 Thread 0x0000021090e69730 3120       4       jdk.internal.misc.Unsafe::allocateUninitializedArray0 (90 bytes)
Event: 15.453 Thread 0x0000021090e69730 nmethod 3120 0x000002103c6ba690 code [0x000002103c6ba820, 0x000002103c6baa00]

GC Heap History (15 events):
Event: 1.333 GC heap before
{Heap before GC invocations=1 (full 0):
 PSYoungGen      total 29696K, used 25600K [0x00000000d5580000, 0x00000000d7680000, 0x0000000100000000)
  eden space 25600K, 100% used [0x00000000d5580000,0x00000000d6e80000,0x00000000d6e80000)
  from space 4096K, 0% used [0x00000000d7280000,0x00000000d7280000,0x00000000d7680000)
  to   space 4096K, 0% used [0x00000000d6e80000,0x00000000d6e80000,0x00000000d7280000)
 ParOldGen       total 68608K, used 0K [0x0000000080000000, 0x0000000084300000, 0x00000000d5580000)
  object space 68608K, 0% used [0x0000000080000000,0x0000000080000000,0x0000000084300000)
 Metaspace       used 4363K, committed 4608K, reserved 1114112K
  class space    used 473K, committed 576K, reserved 1048576K
}
Event: 1.345 GC heap after
{Heap after GC invocations=1 (full 0):
 PSYoungGen      total 29696K, used 3303K [0x00000000d5580000, 0x00000000d7680000, 0x0000000100000000)
  eden space 25600K, 0% used [0x00000000d5580000,0x00000000d5580000,0x00000000d6e80000)
  from space 4096K, 80% used [0x00000000d6e80000,0x00000000d71b9e98,0x00000000d7280000)
  to   space 4096K, 0% used [0x00000000d7280000,0x00000000d7280000,0x00000000d7680000)
 ParOldGen       total 68608K, used 0K [0x0000000080000000, 0x0000000084300000, 0x00000000d5580000)
  object space 68608K, 0% used [0x0000000080000000,0x0000000080000000,0x0000000084300000)
 Metaspace       used 4363K, committed 4608K, reserved 1114112K
  class space    used 473K, committed 576K, reserved 1048576K
}
Event: 5.069 GC heap before
{Heap before GC invocations=2 (full 0):
 PSYoungGen      total 29696K, used 28903K [0x00000000d5580000, 0x00000000d7680000, 0x0000000100000000)
  eden space 25600K, 100% used [0x00000000d5580000,0x00000000d6e80000,0x00000000d6e80000)
  from space 4096K, 80% used [0x00000000d6e80000,0x00000000d71b9e98,0x00000000d7280000)
  to   space 4096K, 0% used [0x00000000d7280000,0x00000000d7280000,0x00000000d7680000)
 ParOldGen       total 68608K, used 0K [0x0000000080000000, 0x0000000084300000, 0x00000000d5580000)
  object space 68608K, 0% used [0x0000000080000000,0x0000000080000000,0x0000000084300000)
 Metaspace       used 8176K, committed 8512K, reserved 1114112K
  class space    used 868K, committed 1024K, reserved 1048576K
}
Event: 5.076 GC heap after
{Heap after GC invocations=2 (full 0):
 PSYoungGen      total 29696K, used 4086K [0x00000000d5580000, 0x00000000d7680000, 0x0000000100000000)
  eden space 25600K, 0% used [0x00000000d5580000,0x00000000d5580000,0x00000000d6e80000)
  from space 4096K, 99% used [0x00000000d7280000,0x00000000d767d810,0x00000000d7680000)
  to   space 4096K, 0% used [0x00000000d6e80000,0x00000000d6e80000,0x00000000d7280000)
 ParOldGen       total 68608K, used 1119K [0x0000000080000000, 0x0000000084300000, 0x00000000d5580000)
  object space 68608K, 1% used [0x0000000080000000,0x0000000080117eb8,0x0000000084300000)
 Metaspace       used 8176K, committed 8512K, reserved 1114112K
  class space    used 868K, committed 1024K, reserved 1048576K
}
Event: 7.090 GC heap before
{Heap before GC invocations=3 (full 0):
 PSYoungGen      total 29696K, used 29686K [0x00000000d5580000, 0x00000000d7680000, 0x0000000100000000)
  eden space 25600K, 100% used [0x00000000d5580000,0x00000000d6e80000,0x00000000d6e80000)
  from space 4096K, 99% used [0x00000000d7280000,0x00000000d767d810,0x00000000d7680000)
  to   space 4096K, 0% used [0x00000000d6e80000,0x00000000d6e80000,0x00000000d7280000)
 ParOldGen       total 68608K, used 1119K [0x0000000080000000, 0x0000000084300000, 0x00000000d5580000)
  object space 68608K, 1% used [0x0000000080000000,0x0000000080117eb8,0x0000000084300000)
 Metaspace       used 13019K, committed 13632K, reserved 1114112K
  class space    used 1379K, committed 1664K, reserved 1048576K
}
Event: 7.094 GC heap after
{Heap after GC invocations=3 (full 0):
 PSYoungGen      total 29696K, used 4080K [0x00000000d5580000, 0x00000000d7680000, 0x0000000100000000)
  eden space 25600K, 0% used [0x00000000d5580000,0x00000000d5580000,0x00000000d6e80000)
  from space 4096K, 99% used [0x00000000d6e80000,0x00000000d727c040,0x00000000d7280000)
  to   space 4096K, 0% used [0x00000000d7280000,0x00000000d7280000,0x00000000d7680000)
 ParOldGen       total 68608K, used 2928K [0x0000000080000000, 0x0000000084300000, 0x00000000d5580000)
  object space 68608K, 4% used [0x0000000080000000,0x00000000802dc158,0x0000000084300000)
 Metaspace       used 13019K, committed 13632K, reserved 1114112K
  class space    used 1379K, committed 1664K, reserved 1048576K
}
Event: 10.235 GC heap before
{Heap before GC invocations=4 (full 0):
 PSYoungGen      total 29696K, used 29677K [0x00000000d5580000, 0x00000000d7680000, 0x0000000100000000)
  eden space 25600K, 99% used [0x00000000d5580000,0x00000000d6e7f708,0x00000000d6e80000)
  from space 4096K, 99% used [0x00000000d6e80000,0x00000000d727c040,0x00000000d7280000)
  to   space 4096K, 0% used [0x00000000d7280000,0x00000000d7280000,0x00000000d7680000)
 ParOldGen       total 68608K, used 2928K [0x0000000080000000, 0x0000000084300000, 0x00000000d5580000)
  object space 68608K, 4% used [0x0000000080000000,0x00000000802dc158,0x0000000084300000)
 Metaspace       used 16097K, committed 16704K, reserved 1114112K
  class space    used 1671K, committed 1984K, reserved 1048576K
}
Event: 10.242 GC heap after
{Heap after GC invocations=4 (full 0):
 PSYoungGen      total 29696K, used 4081K [0x00000000d5580000, 0x00000000d7680000, 0x0000000100000000)
  eden space 25600K, 0% used [0x00000000d5580000,0x00000000d5580000,0x00000000d6e80000)
  from space 4096K, 99% used [0x00000000d7280000,0x00000000d767c728,0x00000000d7680000)
  to   space 4096K, 0% used [0x00000000d6e80000,0x00000000d6e80000,0x00000000d7280000)
 ParOldGen       total 68608K, used 5998K [0x0000000080000000, 0x0000000084300000, 0x00000000d5580000)
  object space 68608K, 8% used [0x0000000080000000,0x00000000805dbb40,0x0000000084300000)
 Metaspace       used 16097K, committed 16704K, reserved 1114112K
  class space    used 1671K, committed 1984K, reserved 1048576K
}
Event: 13.352 GC heap before
{Heap before GC invocations=5 (full 0):
 PSYoungGen      total 29696K, used 29681K [0x00000000d5580000, 0x00000000d7680000, 0x0000000100000000)
  eden space 25600K, 100% used [0x00000000d5580000,0x00000000d6e80000,0x00000000d6e80000)
  from space 4096K, 99% used [0x00000000d7280000,0x00000000d767c728,0x00000000d7680000)
  to   space 4096K, 0% used [0x00000000d6e80000,0x00000000d6e80000,0x00000000d7280000)
 ParOldGen       total 68608K, used 5998K [0x0000000080000000, 0x0000000084300000, 0x00000000d5580000)
  object space 68608K, 8% used [0x0000000080000000,0x00000000805dbb40,0x0000000084300000)
 Metaspace       used 20060K, committed 20736K, reserved 1114112K
  class space    used 1959K, committed 2240K, reserved 1048576K
}
Event: 13.357 GC heap after
{Heap after GC invocations=5 (full 0):
 PSYoungGen      total 29184K, used 4075K [0x00000000d5580000, 0x00000000d7900000, 0x0000000100000000)
  eden space 25088K, 0% used [0x00000000d5580000,0x00000000d5580000,0x00000000d6e00000)
  from space 4096K, 99% used [0x00000000d6e80000,0x00000000d727af30,0x00000000d7280000)
  to   space 5632K, 0% used [0x00000000d7380000,0x00000000d7380000,0x00000000d7900000)
 ParOldGen       total 68608K, used 6418K [0x0000000080000000, 0x0000000084300000, 0x00000000d5580000)
  object space 68608K, 9% used [0x0000000080000000,0x0000000080644950,0x0000000084300000)
 Metaspace       used 20060K, committed 20736K, reserved 1114112K
  class space    used 1959K, committed 2240K, reserved 1048576K
}
Event: 14.445 GC heap before
{Heap before GC invocations=6 (full 0):
 PSYoungGen      total 29184K, used 22918K [0x00000000d5580000, 0x00000000d7900000, 0x0000000100000000)
  eden space 25088K, 75% used [0x00000000d5580000,0x00000000d67e6910,0x00000000d6e00000)
  from space 4096K, 99% used [0x00000000d6e80000,0x00000000d727af30,0x00000000d7280000)
  to   space 5632K, 0% used [0x00000000d7380000,0x00000000d7380000,0x00000000d7900000)
 ParOldGen       total 68608K, used 6418K [0x0000000080000000, 0x0000000084300000, 0x00000000d5580000)
  object space 68608K, 9% used [0x0000000080000000,0x0000000080644950,0x0000000084300000)
 Metaspace       used 20878K, committed 21504K, reserved 1114112K
  class space    used 2002K, committed 2304K, reserved 1048576K
}
Event: 14.448 GC heap after
{Heap after GC invocations=6 (full 0):
 PSYoungGen      total 30720K, used 5237K [0x00000000d5580000, 0x00000000d7900000, 0x0000000100000000)
  eden space 25088K, 0% used [0x00000000d5580000,0x00000000d5580000,0x00000000d6e00000)
  from space 5632K, 92% used [0x00000000d7380000,0x00000000d789d4a0,0x00000000d7900000)
  to   space 5632K, 0% used [0x00000000d6e00000,0x00000000d6e00000,0x00000000d7380000)
 ParOldGen       total 68608K, used 7199K [0x0000000080000000, 0x0000000084300000, 0x00000000d5580000)
  object space 68608K, 10% used [0x0000000080000000,0x0000000080707e60,0x0000000084300000)
 Metaspace       used 20878K, committed 21504K, reserved 1114112K
  class space    used 2002K, committed 2304K, reserved 1048576K
}
Event: 14.448 GC heap before
{Heap before GC invocations=7 (full 1):
 PSYoungGen      total 30720K, used 5237K [0x00000000d5580000, 0x00000000d7900000, 0x0000000100000000)
  eden space 25088K, 0% used [0x00000000d5580000,0x00000000d5580000,0x00000000d6e00000)
  from space 5632K, 92% used [0x00000000d7380000,0x00000000d789d4a0,0x00000000d7900000)
  to   space 5632K, 0% used [0x00000000d6e00000,0x00000000d6e00000,0x00000000d7380000)
 ParOldGen       total 68608K, used 7199K [0x0000000080000000, 0x0000000084300000, 0x00000000d5580000)
  object space 68608K, 10% used [0x0000000080000000,0x0000000080707e60,0x0000000084300000)
 Metaspace       used 20878K, committed 21504K, reserved 1114112K
  class space    used 2002K, committed 2304K, reserved 1048576K
}
Event: 14.475 GC heap after
{Heap after GC invocations=7 (full 1):
 PSYoungGen      total 30720K, used 0K [0x00000000d5580000, 0x00000000d7900000, 0x0000000100000000)
  eden space 25088K, 0% used [0x00000000d5580000,0x00000000d5580000,0x00000000d6e00000)
  from space 5632K, 0% used [0x00000000d7380000,0x00000000d7380000,0x00000000d7900000)
  to   space 5632K, 0% used [0x00000000d6e00000,0x00000000d6e00000,0x00000000d7380000)
 ParOldGen       total 68608K, used 10101K [0x0000000080000000, 0x0000000084300000, 0x00000000d5580000)
  object space 68608K, 14% used [0x0000000080000000,0x00000000809dd410,0x0000000084300000)
 Metaspace       used 20865K, committed 21504K, reserved 1114112K
  class space    used 1998K, committed 2304K, reserved 1048576K
}
Event: 15.454 GC heap before
{Heap before GC invocations=8 (full 1):
 PSYoungGen      total 30720K, used 25088K [0x00000000d5580000, 0x00000000d7900000, 0x0000000100000000)
  eden space 25088K, 100% used [0x00000000d5580000,0x00000000d6e00000,0x00000000d6e00000)
  from space 5632K, 0% used [0x00000000d7380000,0x00000000d7380000,0x00000000d7900000)
  to   space 5632K, 0% used [0x00000000d6e00000,0x00000000d6e00000,0x00000000d7380000)
 ParOldGen       total 68608K, used 10101K [0x0000000080000000, 0x0000000084300000, 0x00000000d5580000)
  object space 68608K, 14% used [0x0000000080000000,0x00000000809dd410,0x0000000084300000)
 Metaspace       used 25160K, committed 25920K, reserved 1114112K
  class space    used 2445K, committed 2752K, reserved 1048576K
}

Dll operation events (10 events):
Event: 0.026 Loaded shared library c:\Users\Usuario\.vscode\extensions\redhat.java-1.52.0-win32-x64\jre\21.0.9-win32-x86_64\bin\java.dll
Event: 0.138 Loaded shared library c:\Users\Usuario\.vscode\extensions\redhat.java-1.52.0-win32-x64\jre\21.0.9-win32-x86_64\bin\zip.dll
Event: 0.174 Loaded shared library C:\Users\Usuario\.vscode\extensions\redhat.java-1.52.0-win32-x64\jre\21.0.9-win32-x86_64\bin\instrument.dll
Event: 0.182 Loaded shared library C:\Users\Usuario\.vscode\extensions\redhat.java-1.52.0-win32-x64\jre\21.0.9-win32-x86_64\bin\net.dll
Event: 0.191 Loaded shared library C:\Users\Usuario\.vscode\extensions\redhat.java-1.52.0-win32-x64\jre\21.0.9-win32-x86_64\bin\nio.dll
Event: 0.202 Loaded shared library C:\Users\Usuario\.vscode\extensions\redhat.java-1.52.0-win32-x64\jre\21.0.9-win32-x86_64\bin\zip.dll
Event: 0.244 Loaded shared library C:\Users\Usuario\.vscode\extensions\redhat.java-1.52.0-win32-x64\jre\21.0.9-win32-x86_64\bin\jimage.dll
Event: 0.413 Loaded shared library c:\Users\Usuario\.vscode\extensions\redhat.java-1.52.0-win32-x64\jre\21.0.9-win32-x86_64\bin\verify.dll
Event: 5.014 Loaded shared library C:\Users\Usuario\AppData\Roaming\Code\User\globalStorage\redhat.java\1.52.0\config_ss_win\org.eclipse.equinox.launcher\org.eclipse.equinox.launcher.win32.win32.x86_64_1.2.1500.v20260121-1430\eclipse_11919.dll
Event: 15.265 Loaded shared library C:\Users\Usuario\AppData\Local\Temp\jna-2011238172\jna6567599075950601253.dll

Deoptimization events (20 events):
Event: 15.227 Thread 0x00000210317e8340 Uncommon trap: trap_request=0xffffff45 fr.pc=0x000002103c635920 relative=0x0000000000000fc0
Event: 15.227 Thread 0x00000210317e8340 Uncommon trap: reason=unstable_if action=reinterpret pc=0x000002103c635920 method=java.util.Properties$LineReader.readLine()I @ 256 c2
Event: 15.227 Thread 0x00000210317e8340 DEOPT PACKING pc=0x000002103c635920 sp=0x0000006e105fb3d0
Event: 15.227 Thread 0x00000210317e8340 DEOPT UNPACKING pc=0x000002103bff6da2 sp=0x0000006e105fb368 mode 2
Event: 15.244 Thread 0x00000210317e8340 Uncommon trap: trap_request=0xffffff45 fr.pc=0x000002103c57843c relative=0x000000000000069c
Event: 15.244 Thread 0x00000210317e8340 Uncommon trap: reason=unstable_if action=reinterpret pc=0x000002103c57843c method=java.lang.String.replace(Ljava/lang/CharSequence;Ljava/lang/CharSequence;)Ljava/lang/String; @ 42 c2
Event: 15.244 Thread 0x00000210317e8340 DEOPT PACKING pc=0x000002103c57843c sp=0x0000006e105fb8b0
Event: 15.244 Thread 0x00000210317e8340 DEOPT UNPACKING pc=0x000002103bff6da2 sp=0x0000006e105fb830 mode 2
Event: 15.306 Thread 0x00000210317e8340 Uncommon trap: trap_request=0xffffff45 fr.pc=0x000002103c5a5544 relative=0x0000000000000124
Event: 15.306 Thread 0x00000210317e8340 Uncommon trap: reason=unstable_if action=reinterpret pc=0x000002103c5a5544 method=jdk.internal.org.objectweb.asm.SymbolTable.put(Ljdk/internal/org/objectweb/asm/SymbolTable$Entry;)Ljdk/internal/org/objectweb/asm/SymbolTable$Entry; @ 13 c2
Event: 15.306 Thread 0x00000210317e8340 DEOPT PACKING pc=0x000002103c5a5544 sp=0x0000006e105fb9c0
Event: 15.306 Thread 0x00000210317e8340 DEOPT UNPACKING pc=0x000002103bff6da2 sp=0x0000006e105fb920 mode 2
Event: 15.399 Thread 0x000002108fb9cd10 Uncommon trap: trap_request=0xffffffde fr.pc=0x000002103c6578f8 relative=0x00000000000003b8
Event: 15.399 Thread 0x000002108fb9cd10 Uncommon trap: reason=class_check action=maybe_recompile pc=0x000002103c6578f8 method=java.lang.String.<init>(Ljava/lang/AbstractStringBuilder;Ljava/lang/Void;)V @ 10 c2
Event: 15.399 Thread 0x000002108fb9cd10 DEOPT PACKING pc=0x000002103c6578f8 sp=0x0000006e109feb60
Event: 15.399 Thread 0x000002108fb9cd10 DEOPT UNPACKING pc=0x000002103bff6da2 sp=0x0000006e109feb28 mode 2
Event: 15.402 Thread 0x000002108fb9cd10 Uncommon trap: trap_request=0xffffffde fr.pc=0x000002103c6578f8 relative=0x00000000000003b8
Event: 15.402 Thread 0x000002108fb9cd10 Uncommon trap: reason=class_check action=maybe_recompile pc=0x000002103c6578f8 method=java.lang.String.<init>(Ljava/lang/AbstractStringBuilder;Ljava/lang/Void;)V @ 10 c2
Event: 15.402 Thread 0x000002108fb9cd10 DEOPT PACKING pc=0x000002103c6578f8 sp=0x0000006e109feb60
Event: 15.402 Thread 0x000002108fb9cd10 DEOPT UNPACKING pc=0x000002103bff6da2 sp=0x0000006e109feb28 mode 2

Classes loaded (20 events):
Event: 15.338 Loading class java/security/InvalidAlgorithmParameterException
Event: 15.338 Loading class java/security/InvalidAlgorithmParameterException done
Event: 15.338 Loading class java/security/spec/InvalidKeySpecException
Event: 15.338 Loading class java/security/spec/InvalidKeySpecException done
Event: 15.339 Loading class javax/crypto/NoSuchPaddingException
Event: 15.339 Loading class javax/crypto/NoSuchPaddingException done
Event: 15.340 Loading class javax/crypto/spec/PBEKeySpec
Event: 15.340 Loading class javax/crypto/spec/PBEKeySpec done
Event: 15.359 Loading class java/lang/annotation/Documented
Event: 15.359 Loading class java/lang/annotation/Documented done
Event: 15.362 Loading class java/lang/Class$AnnotationData
Event: 15.362 Loading class java/lang/Class$AnnotationData done
Event: 15.364 Loading class jdk/internal/reflect/MethodHandleBooleanFieldAccessorImpl
Event: 15.364 Loading class jdk/internal/reflect/MethodHandleBooleanFieldAccessorImpl done
Event: 15.421 Loading class java/util/concurrent/Executors$DefaultThreadFactory
Event: 15.421 Loading class java/util/concurrent/Executors$DefaultThreadFactory done
Event: 15.453 Loading class java/lang/ProcessHandle
Event: 15.453 Loading class java/lang/ProcessHandle done
Event: 15.453 Loading class java/lang/ProcessHandleImpl
Event: 15.454 Loading class java/lang/ProcessHandleImpl done

Classes unloaded (7 events):
Event: 14.452 Thread 0x000002103190f890 Unloading class 0x000002104a191400 'java/lang/invoke/LambdaForm$MH+0x000002104a191400'
Event: 14.452 Thread 0x000002103190f890 Unloading class 0x000002104a191000 'java/lang/invoke/LambdaForm$MH+0x000002104a191000'
Event: 14.452 Thread 0x000002103190f890 Unloading class 0x000002104a190c00 'java/lang/invoke/LambdaForm$MH+0x000002104a190c00'
Event: 14.452 Thread 0x000002103190f890 Unloading class 0x000002104a190800 'java/lang/invoke/LambdaForm$MH+0x000002104a190800'
Event: 14.452 Thread 0x000002103190f890 Unloading class 0x000002104a190400 'java/lang/invoke/LambdaForm$BMH+0x000002104a190400'
Event: 14.452 Thread 0x000002103190f890 Unloading class 0x000002104a190000 'java/lang/invoke/LambdaForm$DMH+0x000002104a190000'
Event: 14.452 Thread 0x000002103190f890 Unloading class 0x000002104a18ec00 'java/lang/invoke/LambdaForm$DMH+0x000002104a18ec00'

Classes redefined (0 events):
No events

Internal exceptions (20 events):
Event: 9.703 Thread 0x000002108fb9d3a0 Exception <a 'java/lang/NoSuchMethodError'{0x00000000d5e73c68}: 'java.lang.Object java.lang.invoke.DirectMethodHandle$Holder.newInvokeSpecial(java.lang.Object, java.lang.Object, int, java.lang.Object)'> (0x00000000d5e73c68) 
thrown [s\src\hotspot\share\interpreter\linkResolver.cpp, line 773]
Event: 9.703 Thread 0x000002108fb9d3a0 Exception <a 'java/lang/NoSuchMethodError'{0x00000000d5e77548}: 'java.lang.Object java.lang.invoke.DirectMethodHandle$Holder.invokeSpecial(java.lang.Object, java.lang.Object, java.lang.Object, int, java.lang.Object)'> (0x00000000d5e77548) 
thrown [s\src\hotspot\share\interpreter\linkResolver.cpp, line 773]
Event: 9.734 Thread 0x00000210317e8340 Exception <a 'java/lang/NoSuchMethodError'{0x00000000d607d348}: 'void java.lang.invoke.DirectMethodHandle$Holder.invokeSpecial(java.lang.Object, java.lang.Object, java.lang.Object, java.lang.Object, java.lang.Object)'> (0x00000000d607d348) 
thrown [s\src\hotspot\share\interpreter\linkResolver.cpp, line 773]
Event: 9.959 Thread 0x00000210317e8340 Exception <a 'java/lang/NoSuchMethodError'{0x00000000d633fe10}: 'double java.lang.invoke.DirectMethodHandle$Holder.invokeStatic(java.lang.Object, java.lang.Object)'> (0x00000000d633fe10) 
thrown [s\src\hotspot\share\interpreter\linkResolver.cpp, line 773]
Event: 9.959 Thread 0x00000210317e8340 Exception <a 'java/lang/NoSuchMethodError'{0x00000000d63434d0}: 'double java.lang.invoke.DirectMethodHandle$Holder.invokeStaticInit(java.lang.Object, java.lang.Object)'> (0x00000000d63434d0) 
thrown [s\src\hotspot\share\interpreter\linkResolver.cpp, line 773]
Event: 12.712 Thread 0x00000210317e8340 Implicit null exception at 0x000002103c65bff5 to 0x000002103c65c108
Event: 14.547 Thread 0x00000210317e8340 Exception <a 'java/lang/NoSuchMethodError'{0x00000000d57782c0}: 'java.lang.Object java.lang.invoke.DirectMethodHandle$Holder.newInvokeSpecial(java.lang.Object, int, java.lang.Object, java.lang.Object)'> (0x00000000d57782c0) 
thrown [s\src\hotspot\share\interpreter\linkResolver.cpp, line 773]
Event: 14.616 Thread 0x00000210317e8340 Exception <a 'sun/nio/fs/WindowsException'{0x00000000d595bbe8}> (0x00000000d595bbe8) 
thrown [s\src\hotspot\share\prims\jni.cpp, line 520]
Event: 14.684 Thread 0x00000210317e8340 Exception <a 'java/lang/NoSuchMethodError'{0x00000000d5b281e8}: 'java.lang.Object java.lang.invoke.DirectMethodHandle$Holder.invokeStaticInit(java.lang.Object, int, int, int, int)'> (0x00000000d5b281e8) 
thrown [s\src\hotspot\share\interpreter\linkResolver.cpp, line 773]
Event: 14.729 Thread 0x00000210317e8340 Exception <a 'java/lang/NoSuchMethodError'{0x00000000d5c1b088}: 'java.lang.Object java.lang.invoke.DirectMethodHandle$Holder.invokeStaticInit(java.lang.Object, java.lang.Object, int, int, int, int)'> (0x00000000d5c1b088) 
thrown [s\src\hotspot\share\interpreter\linkResolver.cpp, line 773]
Event: 14.972 Thread 0x00000210317e8340 Exception <a 'java/lang/ClassNotFoundException'{0x00000000d61dd160}: com/sun/org/apache/xml/internal/serializer/spi/XMLEntitiesProvider> (0x00000000d61dd160) 
thrown [s\src\hotspot\share\classfile\systemDictionary.cpp, line 312]
Event: 15.167 Thread 0x00000210317e8340 Exception <a 'java/io/FileNotFoundException'{0x00000000d6584f68}> (0x00000000d6584f68) 
thrown [s\src\hotspot\share\prims\jni.cpp, line 520]
Event: 15.315 Thread 0x00000210317e8340 Exception <a 'java/lang/UnsatisfiedLinkError'{0x00000000d6908710}: No se encontrĂł el proceso especificado.
> (0x00000000d6908710) 
thrown [s\src\hotspot\share\prims\jni.cpp, line 539]
Event: 15.323 Thread 0x00000210317e8340 Exception <a 'java/io/FileNotFoundException'{0x00000000d692e450}> (0x00000000d692e450) 
thrown [s\src\hotspot\share\prims\jni.cpp, line 520]
Event: 15.340 Thread 0x00000210317e8340 Exception <a 'java/io/FileNotFoundException'{0x00000000d69a80b8}> (0x00000000d69a80b8) 
thrown [s\src\hotspot\share\prims\jni.cpp, line 520]
Event: 15.364 Thread 0x00000210317e8340 Exception <a 'java/lang/NoSuchMethodError'{0x00000000d6a3d660}: 'void java.lang.invoke.DirectMethodHandle$Holder.invokeSpecial(java.lang.Object, java.lang.Object, java.lang.Object, int)'> (0x00000000d6a3d660) 
thrown [s\src\hotspot\share\interpreter\linkResolver.cpp, line 773]
Event: 15.365 Thread 0x00000210317e8340 Exception <a 'java/lang/NoSuchMethodError'{0x00000000d6a40d30}: 'void java.lang.invoke.DelegatingMethodHandle$Holder.reinvoke_L(java.lang.Object, java.lang.Object, int)'> (0x00000000d6a40d30) 
thrown [s\src\hotspot\share\interpreter\linkResolver.cpp, line 773]
Event: 15.367 Thread 0x00000210317e8340 Exception <a 'java/lang/NoSuchMethodError'{0x00000000d6a476c8}: 'int java.lang.invoke.Invokers$Holder.invokeExact_MT(java.lang.Object, java.lang.Object, java.lang.Object)'> (0x00000000d6a476c8) 
thrown [s\src\hotspot\share\interpreter\linkResolver.cpp, line 773]
Event: 15.372 Thread 0x00000210317e8340 Exception <a 'java/lang/UnsatisfiedLinkError'{0x00000000d6a5b080}: No se encontrĂł el proceso especificado.
> (0x00000000d6a5b080) 
thrown [s\src\hotspot\share\prims\jni.cpp, line 539]
Event: 15.383 Thread 0x00000210317e8340 Exception <a 'java/lang/NoSuchMethodError'{0x00000000d6a67268}: 'void java.lang.invoke.Invokers$Holder.invokeExact_MT(java.lang.Object, java.lang.Object, int, java.lang.Object)'> (0x00000000d6a67268) 
thrown [s\src\hotspot\share\interpreter\linkResolver.cpp, line 773]

ZGC Phase Switch (0 events):
No events

VM Operations (20 events):
Event: 12.246 Executing VM operation: Cleanup done
Event: 13.249 Executing VM operation: Cleanup
Event: 13.249 Executing VM operation: Cleanup done
Event: 13.352 Executing VM operation: ParallelGCFailedAllocation (Allocation Failure)
Event: 13.357 Executing VM operation: ParallelGCFailedAllocation (Allocation Failure) done
Event: 14.365 Executing VM operation: Cleanup
Event: 14.365 Executing VM operation: Cleanup done
Event: 14.445 Executing VM operation: CollectForMetadataAllocation (Metadata GC Threshold)
Event: 14.475 Executing VM operation: CollectForMetadataAllocation (Metadata GC Threshold) done
Event: 14.603 Executing VM operation: HandshakeAllThreads (Deoptimize)
Event: 14.603 Executing VM operation: HandshakeAllThreads (Deoptimize) done
Event: 14.747 Executing VM operation: HandshakeAllThreads (Deoptimize)
Event: 14.747 Executing VM operation: HandshakeAllThreads (Deoptimize) done
Event: 15.034 Executing VM operation: HandshakeAllThreads (Deoptimize)
Event: 15.034 Executing VM operation: HandshakeAllThreads (Deoptimize) done
Event: 15.105 Executing VM operation: HandshakeAllThreads (Deoptimize)
Event: 15.105 Executing VM operation: HandshakeAllThreads (Deoptimize) done
Event: 15.289 Executing VM operation: HandshakeAllThreads (Deoptimize)
Event: 15.289 Executing VM operation: HandshakeAllThreads (Deoptimize) done
Event: 15.454 Executing VM operation: ParallelGCFailedAllocation (Allocation Failure)

Memory protections (0 events):
No events

Nmethod flushes (0 events):
No events

Events (20 events):
Event: 4.782 Thread 0x00000210318069d0 Thread added: 0x000002108f9dd290
Event: 4.985 Thread 0x000002103186e7b0 Thread added: 0x00000210317e7cb0
Event: 4.994 Thread 0x000002103186e7b0 Thread added: 0x00000210317e8340
Event: 5.316 Thread 0x000002108f9dd290 Thread exited: 0x000002108f9dd290
Event: 5.385 Thread 0x00000210317e8340 Thread added: 0x000002108fb9e0c0
Event: 5.601 Thread 0x00000210318069d0 Thread added: 0x000002108fa72360
Event: 5.602 Thread 0x00000210318069d0 Thread added: 0x000002108fba67d0
Event: 5.822 Thread 0x000002108fba67d0 Thread exited: 0x000002108fba67d0
Event: 5.872 Thread 0x000002108fa72360 Thread exited: 0x000002108fa72360
Event: 6.393 Thread 0x00000210317e8340 Thread added: 0x000002108fb9c680
Event: 9.656 Thread 0x00000210317e8340 Thread added: 0x000002108fb9d3a0
Event: 9.702 Thread 0x00000210317e8340 Thread added: 0x000002108fb9cd10
Event: 10.228 Thread 0x00000210318069d0 Thread added: 0x000002108f1c6950
Event: 10.567 Thread 0x000002108f1c6950 Thread exited: 0x000002108f1c6950
Event: 13.402 Thread 0x00000210318069d0 Thread added: 0x000002109005ae20
Event: 14.477 Thread 0x000002109005ae20 Thread exited: 0x000002109005ae20
Event: 14.525 Thread 0x00000210317e8340 Thread added: 0x000002108fb9e750
Event: 14.633 Thread 0x00000210318069d0 Thread added: 0x0000021090e69730
Event: 14.652 Thread 0x000002108fb9e750 Thread exited: 0x000002108fb9e750
Event: 15.302 Thread 0x00000210317e8340 Thread added: 0x000002108fb9e750


Dynamic libraries:
0x00007ff74ba10000 - 0x00007ff74ba1e000 	c:\Users\Usuario\.vscode\extensions\redhat.java-1.52.0-win32-x64\jre\21.0.9-win32-x86_64\bin\java.exe
0x00007ff8e42a0000 - 0x00007ff8e4508000 	C:\WINDOWS\SYSTEM32\ntdll.dll
0x00007ff8e3560000 - 0x00007ff8e3629000 	C:\WINDOWS\System32\KERNEL32.DLL
0x00007ff8e1b60000 - 0x00007ff8e1f51000 	C:\WINDOWS\System32\KERNELBASE.dll
0x00007ff8e0ec0000 - 0x00007ff8e100b000 	C:\WINDOWS\System32\ucrtbase.dll
0x00007ff8aabd0000 - 0x00007ff8aabee000 	c:\Users\Usuario\.vscode\extensions\redhat.java-1.52.0-win32-x64\jre\21.0.9-win32-x86_64\bin\VCRUNTIME140.dll
0x00007ff8a6fe0000 - 0x00007ff8a6ff8000 	c:\Users\Usuario\.vscode\extensions\redhat.java-1.52.0-win32-x64\jre\21.0.9-win32-x86_64\bin\jli.dll
0x00007ff8e39e0000 - 0x00007ff8e3ba6000 	C:\WINDOWS\System32\USER32.dll
0x00007ff8e1f60000 - 0x00007ff8e1f87000 	C:\WINDOWS\System32\win32u.dll
0x00007ff8dfc80000 - 0x00007ff8dff13000 	C:\WINDOWS\WinSxS\amd64_microsoft.windows.common-controls_6595b64144ccf1df_6.0.26100.7824_none_3e0870b2e3345462\COMCTL32.dll
0x00007ff8e3930000 - 0x00007ff8e39d9000 	C:\WINDOWS\System32\msvcrt.dll
0x00007ff8e31e0000 - 0x00007ff8e320b000 	C:\WINDOWS\System32\GDI32.dll
0x00007ff8e0d90000 - 0x00007ff8e0ebb000 	C:\WINDOWS\System32\gdi32full.dll
0x00007ff8e1940000 - 0x00007ff8e19e3000 	C:\WINDOWS\System32\msvcp_win.dll
0x00007ff8e2150000 - 0x00007ff8e2181000 	C:\WINDOWS\System32\IMM32.DLL
0x00007ff8db570000 - 0x00007ff8db57c000 	c:\Users\Usuario\.vscode\extensions\redhat.java-1.52.0-win32-x64\jre\21.0.9-win32-x86_64\bin\vcruntime140_1.dll
0x00007ff890330000 - 0x00007ff8903bd000 	c:\Users\Usuario\.vscode\extensions\redhat.java-1.52.0-win32-x64\jre\21.0.9-win32-x86_64\bin\msvcp140.dll
0x00007ff82bad0000 - 0x00007ff82c870000 	c:\Users\Usuario\.vscode\extensions\redhat.java-1.52.0-win32-x64\jre\21.0.9-win32-x86_64\bin\server\jvm.dll
0x00007ff8e2270000 - 0x00007ff8e2324000 	C:\WINDOWS\System32\ADVAPI32.dll
0x00007ff8e3630000 - 0x00007ff8e36d6000 	C:\WINDOWS\System32\sechost.dll
0x00007ff8e3260000 - 0x00007ff8e3378000 	C:\WINDOWS\System32\RPCRT4.dll
0x00007ff8e24d0000 - 0x00007ff8e2544000 	C:\WINDOWS\System32\WS2_32.dll
0x00007ff8e0a00000 - 0x00007ff8e0a5e000 	C:\WINDOWS\SYSTEM32\POWRPROF.dll
0x00007ff8d9520000 - 0x00007ff8d9555000 	C:\WINDOWS\SYSTEM32\WINMM.dll
0x00007ff8d4200000 - 0x00007ff8d420b000 	C:\WINDOWS\SYSTEM32\VERSION.dll
0x00007ff8e09e0000 - 0x00007ff8e09f4000 	C:\WINDOWS\SYSTEM32\UMPDC.dll
0x00007ff8defb0000 - 0x00007ff8defcb000 	C:\WINDOWS\SYSTEM32\kernel.appcore.dll
0x00007ff8d9590000 - 0x00007ff8d959a000 	c:\Users\Usuario\.vscode\extensions\redhat.java-1.52.0-win32-x64\jre\21.0.9-win32-x86_64\bin\jimage.dll
0x00007ff8e0330000 - 0x00007ff8e0572000 	C:\WINDOWS\SYSTEM32\DBGHELP.DLL
0x00007ff8e3bb0000 - 0x00007ff8e3f36000 	C:\WINDOWS\System32\combase.dll
0x00007ff8e36e0000 - 0x00007ff8e37b7000 	C:\WINDOWS\System32\OLEAUT32.dll
0x00007ff8e0220000 - 0x00007ff8e025b000 	C:\WINDOWS\SYSTEM32\dbgcore.DLL
0x00007ff8e1f90000 - 0x00007ff8e2035000 	C:\WINDOWS\System32\bcryptPrimitives.dll
0x00007ff8ccba0000 - 0x00007ff8ccbaf000 	c:\Users\Usuario\.vscode\extensions\redhat.java-1.52.0-win32-x64\jre\21.0.9-win32-x86_64\bin\instrument.dll
0x00007ff8a6fc0000 - 0x00007ff8a6fe0000 	c:\Users\Usuario\.vscode\extensions\redhat.java-1.52.0-win32-x64\jre\21.0.9-win32-x86_64\bin\java.dll
0x00007ff8e2550000 - 0x00007ff8e2ca2000 	C:\WINDOWS\System32\SHELL32.dll
0x00007ff8e19f0000 - 0x00007ff8e1b5a000 	C:\WINDOWS\System32\wintypes.dll
0x00007ff8e1010000 - 0x00007ff8e1873000 	C:\WINDOWS\System32\windows.storage.dll
0x00007ff8e3830000 - 0x00007ff8e3926000 	C:\WINDOWS\System32\SHCORE.dll
0x00007ff8e4130000 - 0x00007ff8e4197000 	C:\WINDOWS\System32\shlwapi.dll
0x00007ff8e0aa0000 - 0x00007ff8e0ac9000 	C:\WINDOWS\SYSTEM32\profapi.dll
0x00007ff899990000 - 0x00007ff8999a8000 	c:\Users\Usuario\.vscode\extensions\redhat.java-1.52.0-win32-x64\jre\21.0.9-win32-x86_64\bin\zip.dll
0x00007ff8d7d30000 - 0x00007ff8d7d40000 	C:\Users\Usuario\.vscode\extensions\redhat.java-1.52.0-win32-x64\jre\21.0.9-win32-x86_64\bin\net.dll
0x00007ff8d83e0000 - 0x00007ff8d8507000 	C:\WINDOWS\SYSTEM32\WINHTTP.dll
0x00007ff8df4d0000 - 0x00007ff8df53b000 	C:\WINDOWS\system32\mswsock.dll
0x00007ff899970000 - 0x00007ff899986000 	C:\Users\Usuario\.vscode\extensions\redhat.java-1.52.0-win32-x64\jre\21.0.9-win32-x86_64\bin\nio.dll
0x00007ff8c1790000 - 0x00007ff8c17a0000 	c:\Users\Usuario\.vscode\extensions\redhat.java-1.52.0-win32-x64\jre\21.0.9-win32-x86_64\bin\verify.dll
0x00007ff8967e0000 - 0x00007ff896825000 	C:\Users\Usuario\AppData\Roaming\Code\User\globalStorage\redhat.java\1.52.0\config_ss_win\org.eclipse.equinox.launcher\org.eclipse.equinox.launcher.win32.win32.x86_64_1.2.1500.v20260121-1430\eclipse_11919.dll
0x00007ff8e2330000 - 0x00007ff8e24c7000 	C:\WINDOWS\System32\ole32.dll
0x00007ff8e06a0000 - 0x00007ff8e06bb000 	C:\WINDOWS\SYSTEM32\CRYPTSP.dll
0x00007ff8df5b0000 - 0x00007ff8df5e9000 	C:\WINDOWS\system32\rsaenh.dll
0x00007ff8df540000 - 0x00007ff8df56b000 	C:\WINDOWS\SYSTEM32\USERENV.dll
0x00007ff8e0a70000 - 0x00007ff8e0a9a000 	C:\WINDOWS\SYSTEM32\bcrypt.dll
0x00007ff8df7c0000 - 0x00007ff8df7cc000 	C:\WINDOWS\SYSTEM32\CRYPTBASE.dll
0x00007ff8de9f0000 - 0x00007ff8dea24000 	C:\WINDOWS\SYSTEM32\IPHLPAPI.DLL
0x00007ff8e3250000 - 0x00007ff8e325a000 	C:\WINDOWS\System32\NSI.dll
0x00007ff872900000 - 0x00007ff872949000 	C:\Users\Usuario\AppData\Local\Temp\jna-2011238172\jna6567599075950601253.dll
0x00007ff8e3240000 - 0x00007ff8e3248000 	C:\WINDOWS\System32\PSAPI.DLL
0x00007ff8d82b0000 - 0x00007ff8d82ce000 	C:\WINDOWS\SYSTEM32\dhcpcsvc6.DLL
0x00007ff8d8280000 - 0x00007ff8d82a3000 	C:\WINDOWS\SYSTEM32\dhcpcsvc.DLL

JVMTI agents:
c:\Users\Usuario\.vscode\extensions\redhat.java-1.52.0-win32-x64\lombok\lombok-1.18.39-4050.jar path:c:\Users\Usuario\.vscode\extensions\redhat.java-1.52.0-win32-x64\jre\21.0.9-win32-x86_64\bin\instrument.dll, loaded, initialized, instrumentlib options:none

dbghelp: loaded successfully - version: 4.0.5 - missing functions: none
symbol engine: initialized successfully - sym options: 0x614 - pdb path: .;c:\Users\Usuario\.vscode\extensions\redhat.java-1.52.0-win32-x64\jre\21.0.9-win32-x86_64\bin;C:\WINDOWS\SYSTEM32;C:\WINDOWS\WinSxS\amd64_microsoft.windows.common-controls_6595b64144ccf1df_6.0.26100.7824_none_3e0870b2e3345462;c:\Users\Usuario\.vscode\extensions\redhat.java-1.52.0-win32-x64\jre\21.0.9-win32-x86_64\bin\server;C:\Users\Usuario\AppData\Roaming\Code\User\globalStorage\redhat.java\1.52.0\config_ss_win\org.eclipse.equinox.launcher\org.eclipse.equinox.launcher.win32.win32.x86_64_1.2.1500.v20260121-1430;C:\Users\Usuario\AppData\Local\Temp\jna-2011238172

VM Arguments:
jvm_args: --add-modules=ALL-SYSTEM --add-opens=java.base/java.util=ALL-UNNAMED --add-opens=java.base/java.lang=ALL-UNNAMED --add-opens=java.base/sun.nio.fs=ALL-UNNAMED -Declipse.application=org.eclipse.jdt.ls.core.id1 -Dosgi.bundles.defaultStartLevel=4 -Declipse.product=org.eclipse.jdt.ls.core.product -Djava.import.generatesMetadataFilesAtProjectRoot=false -DDetectVMInstallationsJob.disabled=true -Dfile.encoding=utf8 -XX:+UseParallelGC -XX:GCTimeRatio=4 -XX:AdaptiveSizePolicyWeight=90 -Dsun.zip.disableMemoryMapping=true -Xmx2G -Xms100m -Xlog:disable -javaagent:c:\Users\Usuario\.vscode\extensions\redhat.java-1.52.0-win32-x64\lombok\lombok-1.18.39-4050.jar 
java_command: c:\Users\Usuario\.vscode\extensions\redhat.java-1.52.0-win32-x64\server\plugins\org.eclipse.equinox.launcher_1.7.100.v20251111-0406.jar -configuration c:\Users\Usuario\AppData\Roaming\Code\User\globalStorage\redhat.java\1.52.0\config_ss_win -data c:\Users\Usuario\AppData\Roaming\Code\User\workspaceStorage\dfc7ea6403649f88c3f86ace36534172\redhat.java\ss_ws --pipe=\\.\pipe\lsp-08fa900796662b3fa1a274587b6276d9-sock
java_class_path (initial): c:\Users\Usuario\.vscode\extensions\redhat.java-1.52.0-win32-x64\server\plugins\org.eclipse.equinox.launcher_1.7.100.v20251111-0406.jar
Launcher Type: SUN_STANDARD

[Global flags]
    uintx AdaptiveSizePolicyWeight                 = 90                                        {product} {command line}
     intx CICompilerCount                          = 4                                         {product} {ergonomic}
    uintx GCTimeRatio                              = 4                                         {product} {command line}
   size_t InitialHeapSize                          = 104857600                                 {product} {command line}
   size_t MaxHeapSize                              = 2147483648                                {product} {command line}
   size_t MaxNewSize                               = 715653120                                 {product} {ergonomic}
   size_t MinHeapDeltaBytes                        = 524288                                    {product} {ergonomic}
   size_t MinHeapSize                              = 104857600                                 {product} {command line}
   size_t NewSize                                  = 34603008                                  {product} {ergonomic}
    uintx NonNMethodCodeHeapSize                   = 5839372                                {pd product} {ergonomic}
    uintx NonProfiledCodeHeapSize                  = 122909434                              {pd product} {ergonomic}
   size_t OldSize                                  = 70254592                                  {product} {ergonomic}
    uintx ProfiledCodeHeapSize                     = 122909434                              {pd product} {ergonomic}
    uintx ReservedCodeCacheSize                    = 251658240                              {pd product} {ergonomic}
     bool SegmentedCodeCache                       = true                                      {product} {ergonomic}
   size_t SoftMaxHeapSize                          = 2147483648                             {manageable} {ergonomic}
     bool UseCompressedOops                        = true                           {product lp64_product} {ergonomic}
     bool UseLargePagesIndividualAllocation        = false                                  {pd product} {ergonomic}
     bool UseParallelGC                            = true                                      {product} {command line}

Logging:
Log output configuration:
 #0: stdout all=off uptime,level,tags foldmultilines=false
 #1: stderr all=off uptime,level,tags foldmultilines=false

Release file:
JAVA_VERSION="21.0.9" 
MODULES="java.base java.compiler java.datatransfer java.xml java.prefs java.desktop java.instrument java.logging java.management java.security.sasl java.naming java.rmi java.management.rmi java.net.http java.scripting java.security.jgss java.transaction.xa java.sql java.sql.rowset java.xml.crypto java.se java.smartcardio jdk.accessibility jdk.internal.jvmstat jdk.attach jdk.charsets jdk.internal.opt jdk.zipfs jdk.compiler jdk.crypto.ec jdk.crypto.cryptoki jdk.crypto.mscapi jdk.dynalink jdk.internal.ed jdk.editpad jdk.hotspot.agent jdk.httpserver jdk.internal.le jdk.internal.vm.ci jdk.internal.vm.compiler jdk.internal.vm.compiler.management jdk.jartool jdk.javadoc jdk.jcmd jdk.management jdk.management.agent jdk.jconsole jdk.jdeps jdk.jdwp.agent jdk.jdi jdk.jfr jdk.jshell jdk.jsobject jdk.jstatd jdk.localedata jdk.management.jfr jdk.naming.dns jdk.naming.rmi jdk.net jdk.nio.mapmode jdk.random jdk.sctp jdk.security.auth jdk.security.jgss jdk.unsupported jdk.unsupported.desktop jdk.xml.dom" 

Environment Variables:
PATH=C:\Program Files\Common Files\Oracle\Java\javapath;C:\Python311\Scripts\;C:\Python311\;C:\Program Files (x86)\Common Files\Oracle\Java\javapath;C:\Program Files\Python38\Scripts\;C:\Program Files\Python38\;C:\WINDOWS\system32;C:\WINDOWS;C:\WINDOWS\System32\Wbem;C:\WINDOWS\System32\WindowsPowerShell\v1.0\;C:\WINDOWS\System32\OpenSSH\;C:\Program Files\wureset;C:\ProgramData\chocolatey\bin;C:\Program Files\Git\cmd;C:\Program Files\Docker\Docker\resources\bin;C:\Program Files\dotnet\;C:\Program Files\nodejs\;C:\Program Files\Common Files\Oracle\Java\javapath;C:\Python311\Scripts\;C:\Python311\;C:\Program Files (x86)\Common Files\Oracle\Java\javapath;C:\Program Files\Python38\Scripts\;C:\Program Files\Python38\;C:\WINDOWS\system32;C:\WINDOWS;C:\WINDOWS\System32\Wbem;C:\WINDOWS\System32\WindowsPowerShell\v1.0\;C:\WINDOWS\System32\OpenSSH\;C:\Program Files\wureset;C:\ProgramData\chocolatey\bin;C:\Program Files\nodejs\;C:\Program Files\Git\cmd;C:\Program Files\Docker\Docker\resources\bin;C:\Users\Usuario\AppData\Local\Android\Sdk\tools;C:\Users\Usuario\AppData\Local\Microsoft\WindowsApps;C:\Program Files\JetBrains\PyCharm Edu 2020.3.3\bin;;C:\Users\Usuario\AppData\Local\Programs\Microsoft VS Code\bin;C:\Program Files (x86)\SQLite\sqlite;C:\Users\Usuario\apache-maven-3.9.4-bin\apache-maven-3.9.4\bin;C:\Users\Usuario\AppData\Local\Programs\Swift\Runtimes\5.10.1\usr\bin\;C:\Users\Usuario\AppData\Local\Programs\Swift\Toolchains\5.10.1+Asserts\usr\bin\;C:\Users\Usuario\AppData\Local\Programs\Swift\Tools\5.10.1\;C:\Users\Usuario\AppData\Local\Android\Sdk\platform-tools;;C:\Users\Usuario\OneDrive\Documentos\ffmpeg\bin;C:\Program Files\Multipass\bin;C:\Users\Usuario\AppData\Roaming\npm
USERNAME=Carlos
OS=Windows_NT
PROCESSOR_IDENTIFIER=Intel64 Family 6 Model 126 Stepping 5, GenuineIntel
TMP=C:\Users\Usuario\AppData\Local\Temp
TEMP=C:\Users\Usuario\AppData\Local\Temp




Periodic native trim disabled

---------------  S Y S T E M  ---------------

OS:
 Windows 11 , 64 bit Build 26100 (10.0.26100.7705)
OS uptime: 0 days 0:28 hours
Hyper-V role detected

CPU: total 8 (initial active 8) (4 cores per cpu, 2 threads per core) family 6 model 126 stepping 5 microcode 0x96, cx8, cmov, fxsr, ht, mmx, 3dnowpref, sse, sse2, sse3, ssse3, sse4.1, sse4.2, popcnt, lzcnt, tsc, tscinvbit, avx, avx2, aes, erms, clmul, bmi1, bmi2, adx, avx512f, avx512dq, avx512cd, avx512bw, avx512vl, sha, fma, vzeroupper, avx512_vpopcntdq, avx512_vpclmulqdq, avx512_vaes, avx512_vnni, clflush, clflushopt, avx512_vbmi2, avx512_vbmi, hv, rdtscp, rdpid, fsrm, gfni, avx512_bitalg, f16c, avx512_ifma
Processor Information for the first 8 processors :
  Max Mhz: 1190, Current Mhz: 991, Mhz Limit: 987

Memory: 4k page, system-wide physical 16072M (6090M free)
TotalPageFile size 17736M (AvailPageFile size 4966M)
current process WorkingSet (physical memory assigned to process): 167M, peak: 167M
current process commit charge ("private bytes"): 1480M, peak: 1480M

vm_info: OpenJDK 64-Bit Server VM (21.0.9+10-LTS) for windows-amd64 JRE (21.0.9+10-LTS), built on 2025-10-21T00:00:00Z by "admin" with unknown MS VC++:1942

END.
